[debug] [2017-09-12T16:41:07.310Z] ----------------------------------------------------------------------
[debug] [2017-09-12T16:41:07.315Z] Command:       /usr/bin/nodejs /usr/bin/firebase serve
[debug] [2017-09-12T16:41:07.315Z] CLI Version:   3.10.0
[debug] [2017-09-12T16:41:07.315Z] Platform:      linux
[debug] [2017-09-12T16:41:07.316Z] Node Version:  v7.10.1
[debug] [2017-09-12T16:41:07.316Z] Time:          Tue Sep 12 2017 11:41:07 GMT-0500 (CDT)
[debug] [2017-09-12T16:41:07.316Z] ----------------------------------------------------------------------
[debug] 
[debug] [2017-09-12T16:41:07.334Z] > command requires scopes: ["email","openid","https://www.googleapis.com/auth/cloudplatformprojects.readonly","https://www.googleapis.com/auth/firebase","https://www.googleapis.com/auth/cloud-platform"]
[debug] [2017-09-12T16:41:07.335Z] > authorizing via signed-in user
[debug] [2017-09-12T16:41:07.338Z] >>> HTTP REQUEST GET https://admin.firebase.com/v1/projects/sispagos-12834  
 Tue Sep 12 2017 11:41:07 GMT-0500 (CDT)
[debug] [2017-09-12T16:41:08.046Z] <<< HTTP RESPONSE 200
[debug] [2017-09-12T16:41:08.048Z] >>> HTTP REQUEST GET https://admin.firebase.com/v1/database/sispagos-12834/tokens  
 Tue Sep 12 2017 11:41:08 GMT-0500 (CDT)
[debug] [2017-09-12T16:41:08.692Z] <<< HTTP RESPONSE 200
[info] 
[info] === Serving from '/var/www/html/sispagos'...
[info] 
[debug] [2017-09-12T16:41:08.699Z] >>> HTTP REQUEST GET https://cloudresourcemanager.googleapis.com/v1/projects/sispagos-12834  
 Tue Sep 12 2017 11:41:08 GMT-0500 (CDT)
[debug] [2017-09-12T16:41:09.121Z] <<< HTTP RESPONSE 200
[debug] [2017-09-12T16:41:09.122Z] >>> HTTP REQUEST GET https://mobilesdk-pa.googleapis.com/v1/projects/531773197186/clients/_:getWebAppConfig  
 Tue Sep 12 2017 11:41:09 GMT-0500 (CDT)
[debug] [2017-09-12T16:41:09.468Z] <<< HTTP RESPONSE 200
[info] ✔  hosting: Local server: http://localhost:5000

